<?xml version="1.0" encoding="UTF-8"?>
<testsuite name="agh.ii.prinjava.lab00.lst00_01.CalcTest" tests="1" skipped="0" failures="0" errors="0" timestamp="2023-09-21T13:43:10" hostname="DESKTOP-SDL4P6O" time="0.021">
  <properties/>
  <testcase name="onePlusTwoIsThree()" classname="agh.ii.prinjava.lab00.lst00_01.CalcTest" time="0.021"/>
  <system-out><![CDATA[setUp() is called before each test
tearDown() is called after each test
]]></system-out>
  <system-err><![CDATA[]]></system-err>
</testsuite>
